<?xml version="1.0" encoding="UTF-8" ?>
<testsuite tests="16" failures="1" name="testRunner.TestRunner" time="102.954" errors="0" skipped="0">
  <properties>
    <property name="java.runtime.name" value="OpenJDK Runtime Environment"/>
    <property name="java.vm.version" value="17.0.13+11-adhoc..jdk17u"/>
    <property name="sun.boot.library.path" value="C:\Program Files\Java\openlogic-openjdk-17.0.13+11-windows-x64\bin"/>
    <property name="maven.multiModuleProjectDirectory" value="C:\Users\klakshmi\eclipse-workspace\BBDFramework"/>
    <property name="java.vm.vendor" value="OpenLogic"/>
    <property name="java.vendor.url" value="https://openlogic.com/"/>
    <property name="guice.disable.misplaced.annotation.check" value="true"/>
    <property name="path.separator" value=";"/>
    <property name="java.vm.name" value="OpenJDK 64-Bit Server VM"/>
    <property name="sun.os.patch.level" value=""/>
    <property name="user.script" value=""/>
    <property name="user.country" value="US"/>
    <property name="sun.java.launcher" value="SUN_STANDARD"/>
    <property name="java.vm.specification.name" value="Java Virtual Machine Specification"/>
    <property name="user.dir" value="C:\Users\klakshmi\eclipse-workspace\BBDFramework"/>
    <property name="java.vm.compressedOopsMode" value="Zero based"/>
    <property name="java.runtime.version" value="17.0.13+11-adhoc..jdk17u"/>
    <property name="os.arch" value="amd64"/>
    <property name="java.io.tmpdir" value="C:\Users\klakshmi\AppData\Local\Temp\"/>
    <property name="line.separator" value="
"/>
    <property name="java.vm.specification.vendor" value="Oracle Corporation"/>
    <property name="user.variant" value=""/>
    <property name="os.name" value="Windows 10"/>
    <property name="classworlds.conf" value="C:\Program Files\apache-maven-3.8.4\bin\m2.conf"/>
    <property name="sun.jnu.encoding" value="Cp1252"/>
    <property name="java.library.path" value="C:\Program Files\Java\openlogic-openjdk-17.0.13+11-windows-x64\bin;C:\Windows\Sun\Java\bin;C:\Windows\system32;C:\Windows;C:\Program Files\Microsoft MPI\Bin\;C:\Windows\system32;C:\Windows;C:\Windows\System32\Wbem;C:\Windows\System32\WindowsPowerShell\v1.0\;C:\Windows\System32\OpenSSH\;C:\Program Files (x86)\Microsoft SQL Server\150\DTS\Binn\;C:\Program Files\Azure Data Studio\bin;C:\Program Files (x86)\Microsoft SQL Server\150\Tools\Binn\;C:\Program Files\Microsoft SQL Server\150\Tools\Binn\;C:\Program Files\Java\openlogic-openjdk-17.0.13+11-windows-x64\bin;C:\Program Files\Microsoft SQL Server\150\DTS\Binn\;C:\Program Files\Microsoft SQL Server\Client SDK\ODBC\170\Tools\Binn\;C:\Program Files\apache-maven-3.8.4\bin;C:\allure-2.32.0\allure-2.32.0\bin;C:\Users\klakshmi\AppData\Local\Programs\Python\Python312\Scripts\;C:\Users\klakshmi\AppData\Local\Programs\Python\Python312\;C:\Users\klakshmi\AppData\Local\Microsoft\WindowsApps;C:\Users\klakshmi\Documents\Automation\chrome-win64;C:\Users\klakshmi\AppData\Local\Programs\Microsoft VS Code\bin;C:\Users\klakshmi\AppData\Local\Programs\Python\Python312;C:\Users\klakshmi\AppData\Local\Programs\Git\cmd;."/>
    <property name="maven.conf" value="C:\Program Files\apache-maven-3.8.4/conf"/>
    <property name="jdk.debug" value="release"/>
    <property name="java.class.version" value="61.0"/>
    <property name="java.specification.name" value="Java Platform API Specification"/>
    <property name="sun.management.compiler" value="HotSpot 64-Bit Tiered Compilers"/>
    <property name="os.version" value="10.0"/>
    <property name="library.jansi.path" value="C:\Program Files\apache-maven-3.8.4\lib\jansi-native"/>
    <property name="user.home" value="C:\Users\klakshmi"/>
    <property name="user.timezone" value="Asia/Calcutta"/>
    <property name="file.encoding" value="Cp1252"/>
    <property name="java.specification.version" value="17"/>
    <property name="user.name" value="klakshmi"/>
    <property name="java.class.path" value="C:\Program Files\apache-maven-3.8.4\boot\plexus-classworlds-2.6.0.jar"/>
    <property name="java.vm.specification.version" value="17"/>
    <property name="sun.arch.data.model" value="64"/>
    <property name="sun.java.command" value="org.codehaus.plexus.classworlds.launcher.Launcher test"/>
    <property name="java.home" value="C:\Program Files\Java\openlogic-openjdk-17.0.13+11-windows-x64"/>
    <property name="user.language" value="en"/>
    <property name="java.specification.vendor" value="Oracle Corporation"/>
    <property name="java.vm.info" value="mixed mode, sharing"/>
    <property name="java.version" value="17.0.13"/>
    <property name="native.encoding" value="Cp1252"/>
    <property name="java.vendor" value="OpenLogic"/>
    <property name="sun.stderr.encoding" value="cp437"/>
    <property name="java.specification.maintenance.version" value="1"/>
    <property name="maven.home" value="C:\Program Files\apache-maven-3.8.4"/>
    <property name="file.separator" value="\"/>
    <property name="java.version.date" value="2024-10-15"/>
    <property name="java.vendor.url.bug" value="https://techsupport.roguewave.com/"/>
    <property name="sun.io.unicode.encoding" value="UnicodeLittle"/>
    <property name="sun.cpu.endian" value="little"/>
    <property name="java.vendor.version" value="OpenLogic-OpenJDK"/>
    <property name="sun.stdout.encoding" value="cp437"/>
    <property name="sun.cpu.isalist" value="amd64"/>
  </properties>
  <testcase classname="Forgot password functionality" name="Rest password on forgetting" time="7.881"/>
  <testcase classname="Login Scenarios" name="Login with valid credentials #1" time="6.966"/>
  <testcase classname="Login Scenarios" name="Login with valid credentials #2" time="6.743"/>
  <testcase classname="Login Scenarios" name="Login with valid credentials #3" time="6.844"/>
  <testcase classname="Login Scenarios" name="Login with valid credentials #4" time="5.796"/>
  <testcase classname="Login Scenarios" name="Login with Invalid credentilas" time="6.598"/>
  <testcase classname="Login Scenarios" name="Login with valid username and  invalid password" time="6.032"/>
  <testcase classname="Login Scenarios" name="Login with invalid username and valid password" time="5.596"/>
  <testcase classname="Login Scenarios" name="Login without providing any credentials" time="6.836"/>
  <testcase classname="User Registeration Scenarios" name="Register with mandatory fields" time="6.966"/>
  <testcase classname="User Registeration Scenarios" name="Register with All fields" time="6.944"/>
  <testcase classname="User Registeration Scenarios" name="Register without any fields" time="6.803"/>
  <testcase classname="User Registeration Scenarios" name="Register with existing email id" time="7.524">
    <failure type="java.lang.AssertionError">java.lang.AssertionError
	at org.junit.Assert.fail(Assert.java:87)
	at org.junit.Assert.assertTrue(Assert.java:42)
	at org.junit.Assert.assertTrue(Assert.java:53)
	at steps.RegisterPage_Steps.Warinig_message_that_display_the_email_is_already_exist(RegisterPage_Steps.java:145)
	at ✽.Warinig message that display the email is already exist(file:///C:/Users/klakshmi/eclipse-workspace/BBDFramework/src/test/resources/features/Register.feature:48)
</failure>
    <system-out>
@register @existingemaildid @smoke @regression
Scenario: Register with existing email id                           &amp;#27;[90m# src/test/resources/features/Register.feature:37&amp;#27;[0m
  &amp;#27;[32mGiven &amp;#27;[0m&amp;#27;[32mUser naviagate to Register Account page&amp;#27;[0m                     &amp;#27;[90m# steps.RegisterPage_Steps.User_naviagate_to_register_account_page()&amp;#27;[0m
  &amp;#27;[32mWhen &amp;#27;[0m&amp;#27;[32mUser enters below details into fields with duplicate emailid&amp;#27;[0m &amp;#27;[90m# steps.RegisterPage_Steps.User_enters_below_details_into_fields_with_duplicate_emailid(io.cucumber.datatable.DataTable)&amp;#27;[0m
    | firstname | lakshmi           |
    | lastname  | Test              |
    | email     | Sony213@gmail.com |
    | telephone | 7878232323322     |
    | password  | L@kshmi           |
  &amp;#27;[32mAnd &amp;#27;[0m&amp;#27;[32mSelect Privacy policy field&amp;#27;[0m                                   &amp;#27;[90m# steps.RegisterPage_Steps.select_privacy_policy_field()&amp;#27;[0m
  &amp;#27;[32mAnd &amp;#27;[0m&amp;#27;[32mSelect Yes for newsletter&amp;#27;[0m                                     &amp;#27;[90m# steps.RegisterPage_Steps.select_yes_for_newsletter()&amp;#27;[0m
  &amp;#27;[32mAnd &amp;#27;[0m&amp;#27;[32mClicks on Continue button&amp;#27;[0m                                     &amp;#27;[90m# steps.RegisterPage_Steps.clicks_on_continue_button()&amp;#27;[0m
  &amp;#27;[31mThen &amp;#27;[0m&amp;#27;[31mWarinig message that display the email is already exist&amp;#27;[0m      &amp;#27;[90m# steps.RegisterPage_Steps.Warinig_message_that_display_the_email_is_already_exist()&amp;#27;[0m
      &amp;#27;[31mjava.lang.AssertionError
      	at org.junit.Assert.fail(Assert.java:87)
      	at org.junit.Assert.assertTrue(Assert.java:42)
      	at org.junit.Assert.assertTrue(Assert.java:53)
      	at steps.RegisterPage_Steps.Warinig_message_that_display_the_email_is_already_exist(RegisterPage_Steps.java:145)
      	at âœ½.Warinig message that display the email is already exist(file:///C:/Users/klakshmi/eclipse-workspace/BBDFramework/src/test/resources/features/Register.feature:48)&amp;#27;[0m

    Embedding Register_with_existing_email_id [image/png 102991 bytes]

</system-out>
    <system-err>Apr 17, 2025 11:41:17 AM org.openqa.selenium.devtools.CdpVersionFinder findNearestMatch
WARNING: Unable to find an exact match for CDP version 135, returning the closest version; found: 134; Please update to a Selenium version that supports CDP version 135
</system-err>
  </testcase>
  <testcase classname="Search Functionality" name="Search for a valid product" time="5.045"/>
  <testcase classname="Search Functionality" name="Search for non-existing product" time="5.691"/>
  <testcase classname="Search Functionality" name="Search without entering any product" time="4.689"/>
</testsuite>